\BOOKMARK [1][-]{section.1}{M\363dulo ArbolCategorias}{}
\BOOKMARK [2][-]{subsection.1.1}{Interfaz}{section.1}
\BOOKMARK [2][-]{subsection.1.2}{Representaci\363n}{section.1}
\BOOKMARK [3][-]{subsubsection.1.2.1}{Invariante de Representaci\363n}{subsection.1.2}
\BOOKMARK [4][-]{paragraph.1.2.1.1}{El Invariante Informalmente}{subsubsection.1.2.1}
\BOOKMARK [4][-]{paragraph.1.2.1.2}{El Invariante Formalmente}{subsubsection.1.2.1}
\BOOKMARK [3][-]{subsubsection.1.2.2}{Funci\363n de Abstracci\363n}{subsection.1.2}
\BOOKMARK [4][-]{paragraph.1.2.2.1}{Funciones auxiliares}{subsubsection.1.2.2}
\BOOKMARK [2][-]{subsection.1.3}{Algoritmos}{section.1}
\BOOKMARK [2][-]{subsection.1.4}{Analisis de complejidades}{section.1}
\BOOKMARK [2][-]{subsection.1.5}{Iterador de Categorias}{section.1}
\BOOKMARK [3][-]{subsubsection.1.5.1}{Interfaz}{subsection.1.5}
\BOOKMARK [3][-]{subsubsection.1.5.2}{Representaci\363n}{subsection.1.5}
\BOOKMARK [3][-]{subsubsection.1.5.3}{Invariante de Representaci\363n}{subsection.1.5}
\BOOKMARK [4][-]{paragraph.1.5.3.1}{El Invariante Formalmente}{subsubsection.1.5.3}
\BOOKMARK [3][-]{subsubsection.1.5.4}{Funci\363n de Abstracci\363n}{subsection.1.5}
\BOOKMARK [3][-]{subsubsection.1.5.5}{Algoritmos}{subsection.1.5}
\BOOKMARK [3][-]{subsubsection.1.5.6}{Analisis de complejidades}{subsection.1.5}
\BOOKMARK [2][-]{subsection.1.6}{Iterador de Familia}{section.1}
\BOOKMARK [3][-]{subsubsection.1.6.1}{Interfaz}{subsection.1.6}
\BOOKMARK [3][-]{subsubsection.1.6.2}{Representaci\363n}{subsection.1.6}
\BOOKMARK [3][-]{subsubsection.1.6.3}{Invariante de Representaci\363n}{subsection.1.6}
\BOOKMARK [4][-]{paragraph.1.6.3.1}{El Invariante Formalmente}{subsubsection.1.6.3}
\BOOKMARK [3][-]{subsubsection.1.6.4}{Funci\363n de Abstracci\363n}{subsection.1.6}
\BOOKMARK [4][-]{paragraph.1.6.4.1}{Funciones auxiliares}{subsubsection.1.6.4}
\BOOKMARK [3][-]{subsubsection.1.6.5}{Algoritmos}{subsection.1.6}
\BOOKMARK [3][-]{subsubsection.1.6.6}{Analisis de complejidades}{subsection.1.6}
\BOOKMARK [2][-]{subsection.1.7}{Iterador de Hijos}{section.1}
\BOOKMARK [3][-]{subsubsection.1.7.1}{Interfaz}{subsection.1.7}
\BOOKMARK [3][-]{subsubsection.1.7.2}{Representaci\363n}{subsection.1.7}
\BOOKMARK [3][-]{subsubsection.1.7.3}{Invariante de Representaci\363n}{subsection.1.7}
\BOOKMARK [4][-]{paragraph.1.7.3.1}{El Invariante Formalmente}{subsubsection.1.7.3}
\BOOKMARK [3][-]{subsubsection.1.7.4}{Funci\363n de Abstracci\363n}{subsection.1.7}
\BOOKMARK [3][-]{subsubsection.1.7.5}{Algoritmos}{subsection.1.7}
\BOOKMARK [3][-]{subsubsection.1.7.6}{Analisis de complejidades}{subsection.1.7}
\BOOKMARK [1][-]{section.2}{M\363dulo LinkLinkIt}{}
\BOOKMARK [2][-]{subsection.2.1}{Interfaz}{section.2}
\BOOKMARK [2][-]{subsection.2.2}{Representaci\363n}{section.2}
\BOOKMARK [3][-]{subsubsection.2.2.1}{Invariante de Representaci\363n}{subsection.2.2}
\BOOKMARK [4][-]{paragraph.2.2.1.1}{El Invariante Informalmente}{subsubsection.2.2.1}
\BOOKMARK [4][-]{paragraph.2.2.1.2}{El Invariante Formalmente}{subsubsection.2.2.1}
\BOOKMARK [3][-]{subsubsection.2.2.2}{Funci\363n de Abstracci\363n}{subsection.2.2}
\BOOKMARK [4][-]{paragraph.2.2.2.1}{Funciones auxiliares}{subsubsection.2.2.2}
\BOOKMARK [2][-]{subsection.2.3}{Algoritmos}{section.2}
\BOOKMARK [2][-]{subsection.2.4}{Analisis de complejidades}{section.2}
\BOOKMARK [2][-]{subsection.2.5}{Iterador de Links}{section.2}
\BOOKMARK [3][-]{subsubsection.2.5.1}{Interfaz}{subsection.2.5}
\BOOKMARK [3][-]{subsubsection.2.5.2}{Representaci\363n}{subsection.2.5}
\BOOKMARK [3][-]{subsubsection.2.5.3}{Invariante de Representaci\363n}{subsection.2.5}
\BOOKMARK [4][-]{paragraph.2.5.3.1}{El Invariante Formalmente}{subsubsection.2.5.3}
\BOOKMARK [3][-]{subsubsection.2.5.4}{Funci\363n de Abstracci\363n}{subsection.2.5}
\BOOKMARK [3][-]{subsubsection.2.5.5}{Algoritmos}{subsection.2.5}
\BOOKMARK [3][-]{subsubsection.2.5.6}{Analisis de complejidades}{subsection.2.5}
\BOOKMARK [2][-]{subsection.2.6}{Iterador de Punteros a DatosLink}{section.2}
\BOOKMARK [3][-]{subsubsection.2.6.1}{Interfaz}{subsection.2.6}
\BOOKMARK [3][-]{subsubsection.2.6.2}{Representaci\363n}{subsection.2.6}
\BOOKMARK [3][-]{subsubsection.2.6.3}{Invariante de Representaci\363n}{subsection.2.6}
\BOOKMARK [4][-]{paragraph.2.6.3.1}{El Invariante Informalmente}{subsubsection.2.6.3}
\BOOKMARK [4][-]{paragraph.2.6.3.2}{El Invariante Formalmente}{subsubsection.2.6.3}
\BOOKMARK [3][-]{subsubsection.2.6.4}{Funci\363n de Abstracci\363n}{subsection.2.6}
\BOOKMARK [4][-]{paragraph.2.6.4.1}{Funciones auxiliares}{subsubsection.2.6.4}
\BOOKMARK [3][-]{subsubsection.2.6.5}{Algoritmos}{subsection.2.6}
\BOOKMARK [3][-]{subsubsection.2.6.6}{Analisis de complejidades}{subsection.2.6}
\BOOKMARK [2][-]{subsection.2.7}{Iterador de Accesos}{section.2}
\BOOKMARK [3][-]{subsubsection.2.7.1}{Interfaz}{subsection.2.7}
\BOOKMARK [3][-]{subsubsection.2.7.2}{Representaci\363n}{subsection.2.7}
\BOOKMARK [3][-]{subsubsection.2.7.3}{Invariante de Representaci\363n}{subsection.2.7}
\BOOKMARK [4][-]{paragraph.2.7.3.1}{El Invariante Formalmente}{subsubsection.2.7.3}
\BOOKMARK [3][-]{subsubsection.2.7.4}{Funci\363n de Abstracci\363n}{subsection.2.7}
\BOOKMARK [3][-]{subsubsection.2.7.5}{Algoritmos}{subsection.2.7}
\BOOKMARK [3][-]{subsubsection.2.7.6}{Analisis de complejidades}{subsection.2.7}
\BOOKMARK [1][-]{section.3}{M\363dulo diccTrie\(clave,significado\)}{}
\BOOKMARK [2][-]{subsection.3.1}{Interfaz}{section.3}
\BOOKMARK [2][-]{subsection.3.2}{Representaci\363n}{section.3}
\BOOKMARK [3][-]{subsubsection.3.2.1}{Invariante de Representaci\363n}{subsection.3.2}
\BOOKMARK [4][-]{paragraph.3.2.1.1}{El Invariante Informalmente}{subsubsection.3.2.1}
\BOOKMARK [4][-]{paragraph.3.2.1.2}{El Invariante Formalmente}{subsubsection.3.2.1}
\BOOKMARK [3][-]{subsubsection.3.2.2}{Funci\363n de Abstracci\363n}{subsection.3.2}
\BOOKMARK [4][-]{paragraph.3.2.2.1}{Funciones auxiliares}{subsubsection.3.2.2}
\BOOKMARK [2][-]{subsection.3.3}{Algoritmos}{section.3}
\BOOKMARK [2][-]{subsection.3.4}{Analisis de complejidades}{section.3}
