\BOOKMARK [1][-]{section.1}{M\363dulo Temporada}{}
\BOOKMARK [2][-]{subsection.1.1}{Interfaz}{section.1}
\BOOKMARK [2][-]{subsection.1.2}{Representaci\363n}{section.1}
\BOOKMARK [2][-]{subsection.1.3}{Algoritmos}{section.1}
\BOOKMARK [2][-]{subsection.1.4}{Analisis de complejidades}{section.1}
\BOOKMARK [1][-]{section.2}{M\363dulo ArbolCategorias}{}
\BOOKMARK [2][-]{subsection.2.1}{Interfaz}{section.2}
\BOOKMARK [2][-]{subsection.2.2}{Representaci\363n}{section.2}
\BOOKMARK [3][-]{subsubsection.2.2.1}{Invariante de Representaci\363n}{subsection.2.2}
\BOOKMARK [4][-]{paragraph.2.2.1.1}{El Invariante Informalmente}{subsubsection.2.2.1}
\BOOKMARK [4][-]{paragraph.2.2.1.2}{El Invariante Formalmente}{subsubsection.2.2.1}
\BOOKMARK [3][-]{subsubsection.2.2.2}{Funci\363n de Abstracci\363n}{subsection.2.2}
\BOOKMARK [4][-]{paragraph.2.2.2.1}{Funciones auxiliares}{subsubsection.2.2.2}
\BOOKMARK [2][-]{subsection.2.3}{Algoritmos}{section.2}
\BOOKMARK [2][-]{subsection.2.4}{Analisis de complejidades}{section.2}
\BOOKMARK [2][-]{subsection.2.5}{Iterador de Categorias}{section.2}
\BOOKMARK [3][-]{subsubsection.2.5.1}{Interfaz}{subsection.2.5}
\BOOKMARK [3][-]{subsubsection.2.5.2}{Representaci\363n}{subsection.2.5}
\BOOKMARK [3][-]{subsubsection.2.5.3}{Invariante de Representaci\363n}{subsection.2.5}
\BOOKMARK [4][-]{paragraph.2.5.3.1}{El Invariante Formalmente}{subsubsection.2.5.3}
\BOOKMARK [3][-]{subsubsection.2.5.4}{Funci\363n de Abstracci\363n}{subsection.2.5}
\BOOKMARK [3][-]{subsubsection.2.5.5}{Algoritmos}{subsection.2.5}
\BOOKMARK [3][-]{subsubsection.2.5.6}{Analisis de complejidades}{subsection.2.5}
